Compiled jquery.js  (8ms)  (pid 45484)
Compiled jquery_ujs.js  (0ms)  (pid 45484)
Compiled twitter/bootstrap/bootstrap-transition.js  (0ms)  (pid 45484)
Compiled twitter/bootstrap/bootstrap-alert.js  (0ms)  (pid 45484)
Compiled twitter/bootstrap/bootstrap-modal.js  (0ms)  (pid 45484)
Compiled twitter/bootstrap/bootstrap-dropdown.js  (0ms)  (pid 45484)
Compiled twitter/bootstrap/bootstrap-scrollspy.js  (0ms)  (pid 45484)
Compiled twitter/bootstrap/bootstrap-tab.js  (0ms)  (pid 45484)
Compiled twitter/bootstrap/bootstrap-tooltip.js  (0ms)  (pid 45484)
Compiled twitter/bootstrap/bootstrap-popover.js  (0ms)  (pid 45484)
Compiled twitter/bootstrap/bootstrap-button.js  (0ms)  (pid 45484)
Compiled twitter/bootstrap/bootstrap-collapse.js  (0ms)  (pid 45484)
Compiled twitter/bootstrap/bootstrap-carousel.js  (0ms)  (pid 45484)
Compiled twitter/bootstrap/bootstrap-typeahead.js  (0ms)  (pid 45484)
Compiled twitter/bootstrap/bootstrap-affix.js  (0ms)  (pid 45484)
Compiled twitter/bootstrap.js  (165ms)  (pid 45484)
Compiled global/bootstrap.js  (74ms)  (pid 45484)
Compiled global/feedback.js  (97ms)  (pid 45484)
Compiled global/fuelux_datasource.js  (0ms)  (pid 45484)
Compiled global/fuelux_loader.js  (0ms)  (pid 45484)
Compiled global/global.js  (0ms)  (pid 45484)
Compiled global/home.js  (62ms)  (pid 45484)
Compiled global/nav.js  (0ms)  (pid 45484)
Compiled global/overview.js  (0ms)  (pid 45484)
Compiled global/select2.js  (1ms)  (pid 45484)
Compiled global/titles.js  (58ms)  (pid 45484)
Compiled global/underscore.js  (1ms)  (pid 45484)
Compiled application.js  (609ms)  (pid 45484)
Compiled api/v1/professors.css  (14ms)  (pid 45484)
Compiled api/v1/search.css  (1ms)  (pid 45484)
Compiled api/v1/sections.css  (1ms)  (pid 45484)
Compiled api/v1/titles.css  (1ms)  (pid 45484)
Compiled twitter-bootstrap-static/bootstrap.css  (71ms)  (pid 45484)
Compiled twitter-bootstrap-static/fontawesome.css  (76ms)  (pid 45484)
Compiled bootstrap_and_overrides.css  (168ms)  (pid 45484)
Compiled feedback.css  (1ms)  (pid 45484)
Compiled fuelux.css  (1ms)  (pid 45484)
Compiled home.css  (15ms)  (pid 45484)
Compiled professors.css  (1ms)  (pid 45484)
Compiled select2.css  (0ms)  (pid 45484)
Compiled titles.css  (1ms)  (pid 45484)
Compiled application.css  (283ms)  (pid 45484)
Compiled jquery.js  (8ms)  (pid 45484)
Compiled jquery_ujs.js  (0ms)  (pid 45484)
Compiled twitter/bootstrap/bootstrap-transition.js  (0ms)  (pid 45484)
Compiled twitter/bootstrap/bootstrap-alert.js  (0ms)  (pid 45484)
Compiled twitter/bootstrap/bootstrap-modal.js  (0ms)  (pid 45484)
Compiled twitter/bootstrap/bootstrap-dropdown.js  (0ms)  (pid 45484)
Compiled twitter/bootstrap/bootstrap-scrollspy.js  (0ms)  (pid 45484)
Compiled twitter/bootstrap/bootstrap-tab.js  (0ms)  (pid 45484)
Compiled twitter/bootstrap/bootstrap-tooltip.js  (0ms)  (pid 45484)
Compiled twitter/bootstrap/bootstrap-popover.js  (0ms)  (pid 45484)
Compiled twitter/bootstrap/bootstrap-button.js  (0ms)  (pid 45484)
Compiled twitter/bootstrap/bootstrap-collapse.js  (0ms)  (pid 45484)
Compiled twitter/bootstrap/bootstrap-carousel.js  (0ms)  (pid 45484)
Compiled twitter/bootstrap/bootstrap-typeahead.js  (0ms)  (pid 45484)
Compiled twitter/bootstrap/bootstrap-affix.js  (0ms)  (pid 45484)
Compiled twitter/bootstrap.js  (195ms)  (pid 45484)
Compiled global/bootstrap.js  (68ms)  (pid 45484)
Compiled global/feedback.js  (58ms)  (pid 45484)
Compiled global/fuelux_datasource.js  (0ms)  (pid 45484)
Compiled global/fuelux_loader.js  (34ms)  (pid 45484)
Compiled global/global.js  (0ms)  (pid 45484)
Compiled global/home.js  (58ms)  (pid 45484)
Compiled global/nav.js  (0ms)  (pid 45484)
Compiled global/overview.js  (0ms)  (pid 45484)
Compiled global/select2.js  (1ms)  (pid 45484)
Compiled global/titles.js  (58ms)  (pid 45484)
Compiled global/underscore.js  (0ms)  (pid 45484)
Compiled application.js  (614ms)  (pid 45484)
Compiled api/v1/professors.css  (10ms)  (pid 45484)
Compiled api/v1/search.css  (1ms)  (pid 45484)
Compiled api/v1/sections.css  (2ms)  (pid 45484)
Compiled api/v1/titles.css  (1ms)  (pid 45484)
Compiled twitter-bootstrap-static/bootstrap.css  (76ms)  (pid 45484)
Compiled twitter-bootstrap-static/fontawesome.css  (9ms)  (pid 45484)
Compiled bootstrap_and_overrides.css  (108ms)  (pid 45484)
Compiled feedback.css  (1ms)  (pid 45484)
Compiled fuelux.css  (1ms)  (pid 45484)
Compiled home.css  (18ms)  (pid 45484)
Compiled professors.css  (1ms)  (pid 45484)
Compiled select2.css  (0ms)  (pid 45484)
Compiled titles.css  (1ms)  (pid 45484)
Compiled application.css  (219ms)  (pid 45484)
