# Logfile created on 2014-01-15 14:04:16 -0500 by logger.rb/36483
I, [2014-01-15T14:04:16.702162 #94324]  INFO -- : 0:  rake (10.1.0) from /Users/Jonathan/.rvm/gems/ruby-2.0.0-p247/specifications/rake-10.1.0.gemspec
I, [2014-01-15T14:04:17.905154 #94324]  INFO -- : 0:  i18n (0.6.1) from /Users/Jonathan/.rvm/gems/ruby-2.0.0-p247/specifications/i18n-0.6.1.gemspec
I, [2014-01-15T14:04:18.914129 #94324]  INFO -- : 0:  multi_json (1.3.6) from /Users/Jonathan/.rvm/gems/ruby-2.0.0-p247/specifications/multi_json-1.3.6.gemspec
I, [2014-01-15T14:04:19.981166 #94324]  INFO -- : 0:  activesupport (3.2.8) from /Users/Jonathan/.rvm/gems/ruby-2.0.0-p247/specifications/activesupport-3.2.8.gemspec
I, [2014-01-15T14:04:19.981735 #94324]  INFO -- : 0:  builder (3.0.4) from /Users/Jonathan/.rvm/gems/ruby-2.0.0-p247/specifications/builder-3.0.4.gemspec
I, [2014-01-15T14:04:23.632220 #94324]  INFO -- : 0:  activemodel (3.2.8) from /Users/Jonathan/.rvm/gems/ruby-2.0.0-p247/specifications/activemodel-3.2.8.gemspec
I, [2014-01-15T14:04:23.632710 #94324]  INFO -- : 0:  erubis (2.7.0) from /Users/Jonathan/.rvm/gems/ruby-2.0.0-p247/specifications/erubis-2.7.0.gemspec
I, [2014-01-15T14:04:23.633043 #94324]  INFO -- : 0:  journey (1.0.4) from /Users/Jonathan/.rvm/gems/ruby-2.0.0-p247/specifications/journey-1.0.4.gemspec
I, [2014-01-15T14:04:26.705174 #94324]  INFO -- : 0:  rack (1.4.1) from /Users/Jonathan/.rvm/gems/ruby-2.0.0-p247/specifications/rack-1.4.1.gemspec
I, [2014-01-15T14:04:26.705654 #94324]  INFO -- : 0:  rack-cache (1.2) from /Users/Jonathan/.rvm/gems/ruby-2.0.0-p247/specifications/rack-cache-1.2.gemspec
I, [2014-01-15T14:04:26.705938 #94324]  INFO -- : 0:  rack-test (0.6.2) from /Users/Jonathan/.rvm/gems/ruby-2.0.0-p247/specifications/rack-test-0.6.2.gemspec
I, [2014-01-15T14:04:28.585831 #94324]  INFO -- : 0:  hike (1.2.1) from /Users/Jonathan/.rvm/gems/ruby-2.0.0-p247/specifications/hike-1.2.1.gemspec
I, [2014-01-15T14:04:29.771646 #94324]  INFO -- : 0:  tilt (1.3.3) from /Users/Jonathan/.rvm/gems/ruby-2.0.0-p247/specifications/tilt-1.3.3.gemspec
I, [2014-01-15T14:04:30.868634 #94324]  INFO -- : 0:  sprockets (2.1.3) from /Users/Jonathan/.rvm/gems/ruby-2.0.0-p247/specifications/sprockets-2.1.3.gemspec
I, [2014-01-15T14:04:32.260958 #94324]  INFO -- : 0:  actionpack (3.2.8) from /Users/Jonathan/.rvm/gems/ruby-2.0.0-p247/specifications/actionpack-3.2.8.gemspec
I, [2014-01-15T14:04:33.319934 #94324]  INFO -- : 0:  mime-types (1.19) from /Users/Jonathan/.rvm/gems/ruby-2.0.0-p247/specifications/mime-types-1.19.gemspec
I, [2014-01-15T14:04:33.320326 #94324]  INFO -- : 0:  polyglot (0.3.3) from /Users/Jonathan/.rvm/gems/ruby-2.0.0-p247/specifications/polyglot-0.3.3.gemspec
I, [2014-01-15T14:04:34.708753 #94324]  INFO -- : 0:  treetop (1.4.12) from /Users/Jonathan/.rvm/gems/ruby-2.0.0-p247/specifications/treetop-1.4.12.gemspec
I, [2014-01-15T14:04:34.709442 #94324]  INFO -- : 0:  mail (2.4.4) from /Users/Jonathan/.rvm/gems/ruby-2.0.0-p247/specifications/mail-2.4.4.gemspec
I, [2014-01-15T14:04:37.425120 #94324]  INFO -- : 0:  actionmailer (3.2.8) from /Users/Jonathan/.rvm/gems/ruby-2.0.0-p247/specifications/actionmailer-3.2.8.gemspec
I, [2014-01-15T14:04:38.457363 #94324]  INFO -- : 0:  arel (3.0.2) from /Users/Jonathan/.rvm/gems/ruby-2.0.0-p247/specifications/arel-3.0.2.gemspec
I, [2014-01-15T14:04:40.334090 #94324]  INFO -- : 0:  tzinfo (0.3.34) from /Users/Jonathan/.rvm/gems/ruby-2.0.0-p247/specifications/tzinfo-0.3.34.gemspec
I, [2014-01-15T14:04:41.328278 #94324]  INFO -- : 0:  activerecord (3.2.8) from /Users/Jonathan/.rvm/gems/ruby-2.0.0-p247/specifications/activerecord-3.2.8.gemspec
I, [2014-01-15T14:04:42.311249 #94324]  INFO -- : 0:  activeresource (3.2.8) from /Users/Jonathan/.rvm/gems/ruby-2.0.0-p247/specifications/activeresource-3.2.8.gemspec
I, [2014-01-15T14:04:43.461231 #94324]  INFO -- : 0:  addressable (2.3.2) from /Users/Jonathan/.rvm/gems/ruby-2.0.0-p247/specifications/addressable-2.3.2.gemspec
I, [2014-01-15T14:04:50.064323 #94324]  INFO -- : 0:  ffi (1.1.5) from /Users/Jonathan/.rvm/gems/ruby-2.0.0-p247/specifications/ffi-1.1.5.gemspec
I, [2014-01-15T14:04:51.499383 #94324]  INFO -- : 0:  childprocess (0.3.6) from /Users/Jonathan/.rvm/gems/ruby-2.0.0-p247/specifications/childprocess-0.3.6.gemspec
I, [2014-01-15T14:04:52.482886 #94324]  INFO -- : 0:  coffee-script-source (1.4.0) from /Users/Jonathan/.rvm/gems/ruby-2.0.0-p247/specifications/coffee-script-source-1.4.0.gemspec
I, [2014-01-15T14:04:53.389504 #94324]  INFO -- : 0:  execjs (1.4.0) from /Users/Jonathan/.rvm/gems/ruby-2.0.0-p247/specifications/execjs-1.4.0.gemspec
I, [2014-01-15T14:04:53.390159 #94324]  INFO -- : 0:  coffee-script (2.2.0) from /Users/Jonathan/.rvm/gems/ruby-2.0.0-p247/specifications/coffee-script-2.2.0.gemspec
I, [2014-01-15T14:04:54.303187 #94324]  INFO -- : 0:  rack-ssl (1.3.2) from /Users/Jonathan/.rvm/gems/ruby-2.0.0-p247/specifications/rack-ssl-1.3.2.gemspec
I, [2014-01-15T14:04:56.067994 #94324]  INFO -- : 0:  json (1.7.5) from /Users/Jonathan/.rvm/gems/ruby-2.0.0-p247/specifications/json-1.7.5.gemspec
I, [2014-01-15T14:04:57.532954 #94324]  INFO -- : 0:  rdoc (3.12) from /Users/Jonathan/.rvm/gems/ruby-2.0.0-p247/specifications/rdoc-3.12.gemspec
I, [2014-01-15T14:04:58.688633 #94324]  INFO -- : 0:  thor (0.16.0) from /Users/Jonathan/.rvm/gems/ruby-2.0.0-p247/specifications/thor-0.16.0.gemspec
I, [2014-01-15T14:05:01.586110 #94324]  INFO -- : 0:  railties (3.2.8) from /Users/Jonathan/.rvm/gems/ruby-2.0.0-p247/specifications/railties-3.2.8.gemspec
I, [2014-01-15T14:05:01.586591 #94324]  INFO -- : 0:  coffee-rails (3.2.2) from /Users/Jonathan/.rvm/gems/ruby-2.0.0-p247/specifications/coffee-rails-3.2.2.gemspec
I, [2014-01-15T14:05:01.586886 #94324]  INFO -- : 0:  commonwatir (4.0.0) from /Users/Jonathan/.rvm/gems/ruby-2.0.0-p247/specifications/commonwatir-4.0.0.gemspec
I, [2014-01-15T14:05:02.597422 #94324]  INFO -- : 0:  daemons (1.1.9) from /Users/Jonathan/.rvm/gems/ruby-2.0.0-p247/specifications/daemons-1.1.9.gemspec
I, [2014-01-15T14:05:12.991899 #94324]  INFO -- : 0:  eventmachine (1.0.0) from /Users/Jonathan/.rvm/gems/ruby-2.0.0-p247/specifications/eventmachine-1.0.0.gemspec
I, [2014-01-15T14:05:13.899818 #94324]  INFO -- : 0:  jquery-rails (2.1.3) from /Users/Jonathan/.rvm/gems/ruby-2.0.0-p247/specifications/jquery-rails-2.1.3.gemspec
I, [2014-01-15T14:05:54.796148 #94324]  INFO -- : 0:  libv8 (3.16.14.3) from /Users/Jonathan/.rvm/gems/ruby-2.0.0-p247/specifications/libv8-3.16.14.3-x86_64-darwin-13.gemspec
I, [2014-01-15T14:05:55.445378 #94324]  INFO -- : 0:  libwebsocket (0.1.5) from /Users/Jonathan/.rvm/gems/ruby-2.0.0-p247/specifications/libwebsocket-0.1.5.gemspec
I, [2014-01-15T14:05:57.533004 #94324]  INFO -- : 0:  newrelic_rpm (3.5.5.38) from /Users/Jonathan/.rvm/gems/ruby-2.0.0-p247/specifications/newrelic_rpm-3.5.5.38.gemspec
I, [2014-01-15T14:06:02.969623 #94324]  INFO -- : 0:  pg (0.14.1) from /Users/Jonathan/.rvm/gems/ruby-2.0.0-p247/specifications/pg-0.14.1.gemspec
I, [2014-01-15T14:06:02.970222 #94324]  INFO -- : 0:  bundler (1.5.0) from /Users/Jonathan/.rvm/gems/ruby-2.0.0-p247@global/specifications/bundler-1.5.0.gemspec
I, [2014-01-15T14:06:03.786995 #94324]  INFO -- : 0:  rails (3.2.8) from /Users/Jonathan/.rvm/gems/ruby-2.0.0-p247/specifications/rails-3.2.8.gemspec
I, [2014-01-15T14:06:04.887133 #94324]  INFO -- : 0:  redis (3.0.2) from /Users/Jonathan/.rvm/gems/ruby-2.0.0-p247/specifications/redis-3.0.2.gemspec
I, [2014-01-15T14:06:06.191789 #94324]  INFO -- : 0:  ref (1.0.5) from /Users/Jonathan/.rvm/gems/ruby-2.0.0-p247/specifications/ref-1.0.5.gemspec
I, [2014-01-15T14:06:06.853940 #94324]  INFO -- : 0:  ruby-progressbar (1.0.2) from /Users/Jonathan/.rvm/gems/ruby-2.0.0-p247/specifications/ruby-progressbar-1.0.2.gemspec
I, [2014-01-15T14:06:07.876284 #94324]  INFO -- : 0:  rubyzip (0.9.9) from /Users/Jonathan/.rvm/gems/ruby-2.0.0-p247/specifications/rubyzip-0.9.9.gemspec
I, [2014-01-15T14:06:09.000866 #94324]  INFO -- : 0:  sass (3.2.1) from /Users/Jonathan/.rvm/gems/ruby-2.0.0-p247/specifications/sass-3.2.1.gemspec
I, [2014-01-15T14:06:09.879805 #94324]  INFO -- : 0:  sass-rails (3.2.5) from /Users/Jonathan/.rvm/gems/ruby-2.0.0-p247/specifications/sass-rails-3.2.5.gemspec
I, [2014-01-15T14:06:11.700537 #94324]  INFO -- : 0:  selenium-webdriver (2.25.0) from /Users/Jonathan/.rvm/gems/ruby-2.0.0-p247/specifications/selenium-webdriver-2.25.0.gemspec
I, [2014-01-15T14:06:23.828808 #94324]  INFO -- : 0:  therubyracer (0.12.0) from /Users/Jonathan/.rvm/gems/ruby-2.0.0-p247/specifications/therubyracer-0.12.0.gemspec
I, [2014-01-15T14:06:25.546077 #94324]  INFO -- : 0:  thin (1.5.0) from /Users/Jonathan/.rvm/gems/ruby-2.0.0-p247/specifications/thin-1.5.0.gemspec
I, [2014-01-15T14:06:25.716202 #94324]  INFO -- : 0:  twitter-bootstrap-rails (2.1.7) from /Users/Jonathan/.rvm/gems/ruby-2.0.0-p247/bundler/gems/twitter-bootstrap-rails-7d2b3093f654/twitter-bootstrap-rails.gemspec
I, [2014-01-15T14:06:26.822862 #94324]  INFO -- : 0:  uglifier (1.3.0) from /Users/Jonathan/.rvm/gems/ruby-2.0.0-p247/specifications/uglifier-1.3.0.gemspec
I, [2014-01-15T14:06:29.891474 #94324]  INFO -- : 0:  watir-webdriver (0.6.1) from /Users/Jonathan/.rvm/gems/ruby-2.0.0-p247/specifications/watir-webdriver-0.6.1.gemspec
I, [2014-01-15T14:06:30.683513 #94324]  INFO -- : 0:  watir (4.0.2) from /Users/Jonathan/.rvm/gems/ruby-2.0.0-p247/specifications/watir-4.0.2.gemspec
I, [2014-01-15T14:06:31.553839 #94324]  INFO -- : 0:  xml-simple (1.1.2) from /Users/Jonathan/.rvm/gems/ruby-2.0.0-p247/specifications/xml-simple-1.1.2.gemspec
